<?xml version="1.0" encoding="UTF-8"?>
<!-- Generated by org.testng.reporters.JUnitXMLReporter -->
<testsuite hostname="LEON-LT-181214A" tests="4" failures="0" timestamp="1 Apr 2019 18:24:39 GMT" time="39.788" errors="0">
  <testcase name="ValidatePrice1Samsung" time="7.294" classname="ExecutionTestNG"/>
  <testcase name="ValidatePrice2SamsungInCar" time="5.068" classname="ExecutionTestNG"/>
  <testcase name="ValidateOneProductInCar" time="0.018" classname="ExecutionTestNG"/>
  <testcase name="VaidateAlienInCar" time="6.733" classname="ExecutionTestNG"/>
</testsuite>
