<?xml version="1.0" encoding="UTF-8"?>
<!-- Generated by org.testng.reporters.JUnitXMLReporter -->
<testsuite hostname="LEON-LT-181214A" tests="4" failures="0" timestamp="28 May 2019 17:40:18 GMT" time="27.292" errors="0">
  <testcase name="ValidatePrice1Samsung" time="4.49" classname="ExecutionTestNG"/>
  <testcase name="ValidatePrice2SamsungInCar" time="2.443" classname="ExecutionTestNG"/>
  <testcase name="ValidateOneProductInCar" time="0.019" classname="ExecutionTestNG"/>
  <testcase name="VaidateAlienInCar" time="5.131" classname="ExecutionTestNG"/>
</testsuite>
