<?xml version="1.0" encoding="UTF-8"?>
<!-- Generated by org.testng.reporters.JUnitXMLReporter -->
<testsuite hostname="LEON-LT-181214A" ignored="0" tests="5" failures="0" timestamp="19 Mar 2019 22:10:35 GMT" time="12.912" errors="0">
  <testcase name="validateUrl" time="0.01" classname="executionClass"/>
  <testcase name="validateSignUpTittle" time="0.004" classname="executionClass"/>
  <testcase name="validateConnectLabelText" time="1.345" classname="executionClass"/>
  <testcase name="FindYourAccountText" time="1.435" classname="executionClass"/>
  <testcase name="errorMessageNotSearchResults" time="0.353" classname="executionClass"/>
</testsuite>
