<?xml version="1.0" encoding="UTF-8"?>
<testng-results skipped="0" failed="0" total="4" passed="4">
  <reporter-output>
  </reporter-output>
  <suite name="Default suite" duration-ms="27292" started-at="2019-05-28T17:39:51Z" finished-at="2019-05-28T17:40:18Z">
    <groups>
    </groups>
    <test name="Default test" duration-ms="27292" started-at="2019-05-28T17:39:51Z" finished-at="2019-05-28T17:40:18Z">
      <class name="ExecutionTestNG">
        <test-method status="PASS" signature="setUrl()[pri:0, instance:ExecutionTestNG@548a9f61]" name="setUrl" is-config="true" duration-ms="8726" started-at="2019-05-28T12:39:51Z" finished-at="2019-05-28T12:39:59Z">
          <reporter-output>
          </reporter-output>
        </test-method> <!-- setUrl -->
        <test-method status="PASS" signature="ValidatePrice1Samsung()[pri:0, instance:ExecutionTestNG@548a9f61]" name="ValidatePrice1Samsung" duration-ms="4490" started-at="2019-05-28T12:39:59Z" finished-at="2019-05-28T12:40:04Z">
          <reporter-output>
          </reporter-output>
        </test-method> <!-- ValidatePrice1Samsung -->
        <test-method status="PASS" signature="ValidatePrice2SamsungInCar()[pri:0, instance:ExecutionTestNG@548a9f61]" name="ValidatePrice2SamsungInCar" duration-ms="2443" started-at="2019-05-28T12:40:04Z" finished-at="2019-05-28T12:40:06Z">
          <reporter-output>
          </reporter-output>
        </test-method> <!-- ValidatePrice2SamsungInCar -->
        <test-method status="PASS" signature="ValidateOneProductInCar()[pri:0, instance:ExecutionTestNG@548a9f61]" name="ValidateOneProductInCar" duration-ms="19" started-at="2019-05-28T12:40:06Z" finished-at="2019-05-28T12:40:06Z">
          <reporter-output>
          </reporter-output>
        </test-method> <!-- ValidateOneProductInCar -->
        <test-method status="PASS" signature="VaidateAlienInCar()[pri:0, instance:ExecutionTestNG@548a9f61]" name="VaidateAlienInCar" duration-ms="5131" started-at="2019-05-28T12:40:06Z" finished-at="2019-05-28T12:40:11Z">
          <reporter-output>
          </reporter-output>
        </test-method> <!-- VaidateAlienInCar -->
        <test-method status="PASS" signature="close()[pri:0, instance:ExecutionTestNG@548a9f61]" name="close" is-config="true" duration-ms="6471" started-at="2019-05-28T12:40:11Z" finished-at="2019-05-28T12:40:18Z">
          <reporter-output>
          </reporter-output>
        </test-method> <!-- close -->
      </class> <!-- ExecutionTestNG -->
    </test> <!-- Default test -->
  </suite> <!-- Default suite -->
</testng-results>
